# JRE version: OpenJDK Runtime Environment (17.0.7) (build 17.0.7+0-b2043.56-10550314)
# Java VM: OpenJDK 64-Bit Server VM (17.0.7+0-b2043.56-10550314, mixed mode, tiered, compressed oops, compressed class ptrs, g1 gc, windows-amd64)
GC Precious Log:
 CPUs: 20 total, 20 available
 Memory: 32397M
 Large Page Support: Disabled
 NUMA Support: Disabled
 Compressed Oops: Enabled (32-bit)
 Heap Region Size: 1M
 Heap Min Capacity: 8M
 Heap Initial Capacity: 508M
 Heap Max Capacity: 2G
 Pre-touch: Disabled
 Parallel Workers: 15
 Concurrent Workers: 4
 Concurrent Refinement Workers: 15
 Periodic GC: Disabled
Heap:
 garbage-first heap   total 270336K, used 124838K [0x0000000080000000, 0x0000000100000000)
  region size 1024K, 3 young (3072K), 3 survivors (3072K)
 Metaspace       used 115991K, committed 116864K, reserved 1179648K
  class space    used 15708K, committed 16128K, reserved 1048576K
GC Heap History (20 events):
Event: 8.078 GC heap after
{Heap after GC invocations=24 (full 0):
 garbage-first heap   total 219136K, used 115590K [0x0000000080000000, 0x0000000100000000)
  region size 1024K, 2 young (2048K), 2 survivors (2048K)
 Metaspace       used 105219K, committed 105984K, reserved 1179648K
  class space    used 14486K, committed 14848K, reserved 1048576K
}
Event: 26.634 GC heap before
{Heap before GC invocations=24 (full 0):
 garbage-first heap   total 219136K, used 172934K [0x0000000080000000, 0x0000000100000000)
  region size 1024K, 59 young (60416K), 2 survivors (2048K)
 Metaspace       used 106675K, committed 107392K, reserved 1179648K
  class space    used 14692K, committed 15040K, reserved 1048576K
}
Event: 26.635 GC heap after
{Heap after GC invocations=25 (full 0):
 garbage-first heap   total 219136K, used 117206K [0x0000000080000000, 0x0000000100000000)
  region size 1024K, 4 young (4096K), 4 survivors (4096K)
 Metaspace       used 106675K, committed 107392K, reserved 1179648K
  class space    used 14692K, committed 15040K, reserved 1048576K
}
Event: 27.512 GC heap before
{Heap before GC invocations=26 (full 0):
 garbage-first heap   total 219136K, used 176598K [0x0000000080000000, 0x0000000100000000)
  region size 1024K, 62 young (63488K), 4 survivors (4096K)
 Metaspace       used 107299K, committed 108096K, reserved 1179648K
  class space    used 14714K, committed 15104K, reserved 1048576K
}
Event: 27.516 GC heap after
{Heap after GC invocations=27 (full 0):
 garbage-first heap   total 219136K, used 124687K [0x0000000080000000, 0x0000000100000000)
  region size 1024K, 8 young (8192K), 8 survivors (8192K)
 Metaspace       used 107299K, committed 108096K, reserved 1179648K
  class space    used 14714K, committed 15104K, reserved 1048576K
}
Event: 27.521 GC heap before
{Heap before GC invocations=27 (full 0):
 garbage-first heap   total 219136K, used 126735K [0x0000000080000000, 0x0000000100000000)
  region size 1024K, 10 young (10240K), 8 survivors (8192K)
 Metaspace       used 107299K, committed 108096K, reserved 1179648K
  class space    used 14714K, committed 15104K, reserved 1048576K
}
Event: 27.524 GC heap after
{Heap after GC invocations=28 (full 0):
 garbage-first heap   total 219136K, used 125635K [0x0000000080000000, 0x0000000100000000)
  region size 1024K, 2 young (2048K), 2 survivors (2048K)
 Metaspace       used 107299K, committed 108096K, reserved 1179648K
  class space    used 14714K, committed 15104K, reserved 1048576K
}
Event: 28.146 GC heap before
{Heap before GC invocations=28 (full 0):
 garbage-first heap   total 219136K, used 176835K [0x0000000080000000, 0x0000000100000000)
  region size 1024K, 53 young (54272K), 2 survivors (2048K)
 Metaspace       used 107448K, committed 108288K, reserved 1179648K
  class space    used 14719K, committed 15104K, reserved 1048576K
}
Event: 28.149 GC heap after
{Heap after GC invocations=29 (full 0):
 garbage-first heap   total 219136K, used 130404K [0x0000000080000000, 0x0000000100000000)
  region size 1024K, 6 young (6144K), 6 survivors (6144K)
 Metaspace       used 107448K, committed 108288K, reserved 1179648K
  class space    used 14719K, committed 15104K, reserved 1048576K
}
Event: 69.152 GC heap before
{Heap before GC invocations=30 (full 0):
 garbage-first heap   total 224256K, used 178532K [0x0000000080000000, 0x0000000100000000)
  region size 1024K, 54 young (55296K), 6 survivors (6144K)
 Metaspace       used 107751K, committed 108544K, reserved 1179648K
  class space    used 14737K, committed 15104K, reserved 1048576K
}
Event: 69.154 GC heap after
{Heap after GC invocations=31 (full 0):
 garbage-first heap   total 224256K, used 135290K [0x0000000080000000, 0x0000000100000000)
  region size 1024K, 6 young (6144K), 6 survivors (6144K)
 Metaspace       used 107751K, committed 108544K, reserved 1179648K
  class space    used 14737K, committed 15104K, reserved 1048576K
}
Event: 69.172 GC heap before
{Heap before GC invocations=31 (full 0):
 garbage-first heap   total 224256K, used 139386K [0x0000000080000000, 0x0000000100000000)
  region size 1024K, 10 young (10240K), 6 survivors (6144K)
 Metaspace       used 107774K, committed 108544K, reserved 1179648K
  class space    used 14737K, committed 15104K, reserved 1048576K
}
Event: 69.174 GC heap after
{Heap after GC invocations=32 (full 0):
 garbage-first heap   total 224256K, used 128971K [0x0000000080000000, 0x0000000100000000)
  region size 1024K, 2 young (2048K), 2 survivors (2048K)
 Metaspace       used 107774K, committed 108544K, reserved 1179648K
  class space    used 14737K, committed 15104K, reserved 1048576K
}
Event: 69.649 GC heap before
{Heap before GC invocations=32 (full 0):
 garbage-first heap   total 224256K, used 145355K [0x0000000080000000, 0x0000000100000000)
  region size 1024K, 20 young (20480K), 2 survivors (2048K)
 Metaspace       used 108109K, committed 108864K, reserved 1179648K
  class space    used 14776K, committed 15168K, reserved 1048576K
}
Event: 69.651 GC heap after
{Heap after GC invocations=33 (full 0):
 garbage-first heap   total 224256K, used 130626K [0x0000000080000000, 0x0000000100000000)
  region size 1024K, 4 young (4096K), 4 survivors (4096K)
 Metaspace       used 108109K, committed 108864K, reserved 1179648K
  class space    used 14776K, committed 15168K, reserved 1048576K
}
Event: 70.874 GC heap before
{Heap before GC invocations=34 (full 0):
 garbage-first heap   total 232448K, used 187970K [0x0000000080000000, 0x0000000100000000)
  region size 1024K, 56 young (57344K), 4 survivors (4096K)
 Metaspace       used 110295K, committed 111104K, reserved 1179648K
  class space    used 14944K, committed 15296K, reserved 1048576K
}
Event: 70.877 GC heap after
{Heap after GC invocations=35 (full 0):
 garbage-first heap   total 232448K, used 135595K [0x0000000080000000, 0x0000000100000000)
  region size 1024K, 7 young (7168K), 7 survivors (7168K)
 Metaspace       used 110295K, committed 111104K, reserved 1179648K
  class space    used 14944K, committed 15296K, reserved 1048576K
}
Event: 70.902 GC heap before
{Heap before GC invocations=35 (full 0):
 garbage-first heap   total 232448K, used 138667K [0x0000000080000000, 0x0000000100000000)
  region size 1024K, 11 young (11264K), 7 survivors (7168K)
 Metaspace       used 110779K, committed 111616K, reserved 1179648K
  class space    used 15004K, committed 15360K, reserved 1048576K
}
Event: 70.905 GC heap after
{Heap after GC invocations=36 (full 0):
 garbage-first heap   total 232448K, used 122842K [0x0000000080000000, 0x0000000100000000)
  region size 1024K, 1 young (1024K), 1 survivors (1024K)
 Metaspace       used 110779K, committed 111616K, reserved 1179648K
  class space    used 15004K, committed 15360K, reserved 1048576K
}
Event: 71.340 GC heap before
{Heap before GC invocations=36 (full 0):
 garbage-first heap   total 232448K, used 187354K [0x0000000080000000, 0x0000000100000000)
  region size 1024K, 65 young (66560K), 1 survivors (1024K)
 Metaspace       used 115991K, committed 116864K, reserved 1179648K
  class space    used 15708K, committed 16128K, reserved 1048576K
}

